Starting a Gradle Daemon, 1 stopped Daemon could not be reused, use --status for details

> Configure project :
Fabric Loom: 1.12.0-alpha.25

> Task :compileJava UP-TO-DATE
> Task :processResources UP-TO-DATE
> Task :classes UP-TO-DATE
> Task :jar UP-TO-DATE
> Task :processIncludeJars UP-TO-DATE
> Task :remapJar UP-TO-DATE
> Task :sourcesJar UP-TO-DATE
> Task :remapSourcesJar UP-TO-DATE
> Task :assemble UP-TO-DATE
> Task :compileTestJava NO-SOURCE
> Task :processTestResources NO-SOURCE
> Task :testClasses UP-TO-DATE
> Task :test NO-SOURCE
> Task :validateAccessWidener NO-SOURCE
> Task :check UP-TO-DATE
> Task :build UP-TO-DATE

[Incubating] Problems report is available at: file:///C:/data/projects/mod-CustomPortals/build/reports/problems/problems-report.html

Deprecated Gradle features were used in this build, making it incompatible with Gradle 9.0.

You can use '--warning-mode all' to show the individual deprecation warnings and determine if they come from your own scripts or plugins.

For more on this, please refer to https://docs.gradle.org/8.14/userguide/command_line_interface.html#sec:command_line_warnings in the Gradle documentation.

BUILD SUCCESSFUL in 16s
7 actionable tasks: 7 up-to-date
[21:05:35] [Worker-Main-5/INFO]: Preparing spawn area: 51%
[21:05:36] [Server thread/INFO]: Time elapsed: 3252 ms
[21:05:36] [Server thread/INFO]: Done (6.916s)! For help, type "help"
