
> Configure project :
Fabric Loom: 1.12.0-alpha.25

> Task :compileJava
Note: C:\data\projects\mod-CustomPortals\src\main\java\dev\custom\portals\registry\CPBlocks.java uses or overrides a deprecated API.
Note: Recompile with -Xlint:deprecation for details.

> Task :processResources
> Task :classes
> Task :jar
> Task :processIncludeJars
> Task :sourcesJar
> Task :compileTestJava NO-SOURCE
> Task :processTestResources NO-SOURCE
> Task :testClasses UP-TO-DATE
> Task :test NO-SOURCE
> Task :validateAccessWidener NO-SOURCE
> Task :check UP-TO-DATE

> Task :remapJar
Cannot remap getEntityWorld because it does not exists in any of the targets [net/minecraft/server/network/ServerPlayerEntity] or their parents.

> Task :remapSourcesJar
> Task :assemble
> Task :build

[Incubating] Problems report is available at: file:///C:/data/projects/mod-CustomPortals/build/reports/problems/problems-report.html

Deprecated Gradle features were used in this build, making it incompatible with Gradle 9.0.

You can use '--warning-mode all' to show the individual deprecation warnings and determine if they come from your own scripts or plugins.

For more on this, please refer to https://docs.gradle.org/8.14/userguide/command_line_interface.html#sec:command_line_warnings in the Gradle documentation.

BUILD SUCCESSFUL in 12s
7 actionable tasks: 7 executed
